<?xml version="1.0" encoding="UTF-8"?>
<testsuite xmlns:xsi="http://www.w3.org/2001/XMLSchema-instance" xsi:noNamespaceSchemaLocation="https://maven.apache.org/surefire/maven-surefire-plugin/xsd/surefire-test-report-3.0.xsd" version="3.0" name="com.stemmer.pokergame.game_test.AdvancedGameTest" time="0.023" tests="2" errors="0" skipped="0" failures="0">
  <properties>
    <property name="java.specification.version" value="18"/>
    <property name="sun.jnu.encoding" value="UTF-8"/>
    <property name="java.class.path" value="/home/martin/Github/PokerProject/PokerAI/target/test-classes:/home/martin/Github/PokerProject/PokerAI/target/classes:/home/martin/.m2/repository/org/junit/jupiter/junit-jupiter-engine/5.9.1/junit-jupiter-engine-5.9.1.jar:/home/martin/.m2/repository/org/junit/platform/junit-platform-engine/1.9.1/junit-platform-engine-1.9.1.jar:/home/martin/.m2/repository/org/opentest4j/opentest4j/1.2.0/opentest4j-1.2.0.jar:/home/martin/.m2/repository/org/junit/platform/junit-platform-commons/1.9.1/junit-platform-commons-1.9.1.jar:/home/martin/.m2/repository/org/junit/jupiter/junit-jupiter-api/5.9.1/junit-jupiter-api-5.9.1.jar:/home/martin/.m2/repository/org/apiguardian/apiguardian-api/1.1.2/apiguardian-api-1.1.2.jar:"/>
    <property name="java.vm.vendor" value="Private Build"/>
    <property name="sun.arch.data.model" value="64"/>
    <property name="java.vendor.url" value="Unknown"/>
    <property name="os.name" value="Linux"/>
    <property name="java.vm.specification.version" value="18"/>
    <property name="sun.java.launcher" value="SUN_STANDARD"/>
    <property name="user.country" value="US"/>
    <property name="sun.boot.library.path" value="/usr/lib/jvm/java-18-openjdk-amd64/lib"/>
    <property name="sun.java.command" value="/home/martin/Github/PokerProject/PokerAI/target/surefire/surefirebooter-20230926205533647_3.jar /home/martin/Github/PokerProject/PokerAI/target/surefire 2023-09-26T20-55-31_946-jvmRun1 surefire-20230926205533647_1tmp surefire_0-20230926205533647_2tmp"/>
    <property name="jdk.debug" value="release"/>
    <property name="surefire.test.class.path" value="/home/martin/Github/PokerProject/PokerAI/target/test-classes:/home/martin/Github/PokerProject/PokerAI/target/classes:/home/martin/.m2/repository/org/junit/jupiter/junit-jupiter-engine/5.9.1/junit-jupiter-engine-5.9.1.jar:/home/martin/.m2/repository/org/junit/platform/junit-platform-engine/1.9.1/junit-platform-engine-1.9.1.jar:/home/martin/.m2/repository/org/opentest4j/opentest4j/1.2.0/opentest4j-1.2.0.jar:/home/martin/.m2/repository/org/junit/platform/junit-platform-commons/1.9.1/junit-platform-commons-1.9.1.jar:/home/martin/.m2/repository/org/junit/jupiter/junit-jupiter-api/5.9.1/junit-jupiter-api-5.9.1.jar:/home/martin/.m2/repository/org/apiguardian/apiguardian-api/1.1.2/apiguardian-api-1.1.2.jar:"/>
    <property name="sun.cpu.endian" value="little"/>
    <property name="user.home" value="/home/martin"/>
    <property name="user.language" value="en"/>
    <property name="java.specification.vendor" value="Oracle Corporation"/>
    <property name="java.version.date" value="2022-07-19"/>
    <property name="java.home" value="/usr/lib/jvm/java-18-openjdk-amd64"/>
    <property name="file.separator" value="/"/>
    <property name="basedir" value="/home/martin/Github/PokerProject/PokerAI"/>
    <property name="java.vm.compressedOopsMode" value="32-bit"/>
    <property name="line.separator" value="&#10;"/>
    <property name="java.vm.specification.vendor" value="Oracle Corporation"/>
    <property name="java.specification.name" value="Java Platform API Specification"/>
    <property name="surefire.real.class.path" value="/home/martin/Github/PokerProject/PokerAI/target/surefire/surefirebooter-20230926205533647_3.jar"/>
    <property name="sun.management.compiler" value="HotSpot 64-Bit Tiered Compilers"/>
    <property name="java.runtime.version" value="18.0.2-ea+9-Ubuntu-222.04"/>
    <property name="user.name" value="martin"/>
    <property name="path.separator" value=":"/>
    <property name="os.version" value="6.2.0-33-generic"/>
    <property name="java.runtime.name" value="OpenJDK Runtime Environment"/>
    <property name="file.encoding" value="UTF-8"/>
    <property name="java.vm.name" value="OpenJDK 64-Bit Server VM"/>
    <property name="localRepository" value="/home/martin/.m2/repository"/>
    <property name="java.vendor.url.bug" value="Unknown"/>
    <property name="java.io.tmpdir" value="/tmp"/>
    <property name="idea.version" value="2023.2.2"/>
    <property name="java.version" value="18.0.2-ea"/>
    <property name="user.dir" value="/home/martin/Github/PokerProject/PokerAI"/>
    <property name="os.arch" value="amd64"/>
    <property name="java.vm.specification.name" value="Java Virtual Machine Specification"/>
    <property name="native.encoding" value="UTF-8"/>
    <property name="java.library.path" value="/usr/java/packages/lib:/usr/lib/x86_64-linux-gnu/jni:/lib/x86_64-linux-gnu:/usr/lib/x86_64-linux-gnu:/usr/lib/jni:/lib:/usr/lib"/>
    <property name="java.vm.info" value="mixed mode, sharing"/>
    <property name="java.vendor" value="Private Build"/>
    <property name="java.vm.version" value="18.0.2-ea+9-Ubuntu-222.04"/>
    <property name="sun.io.unicode.encoding" value="UnicodeLittle"/>
    <property name="java.class.version" value="62.0"/>
  </properties>
  <testcase name="RepeatedPlayerTest2" classname="com.stemmer.pokergame.game_test.AdvancedGameTest" time="0.008">
    <system-out><![CDATA[Player 2:	58700 has: 
PAIR
[QUEEN-DIAMOND, QUEEN-SPADE, ACE-SPADE, TEN-HEART, SIX-CLUB]
Player 3:	0 has: 
DOUBLE_PAIR
[QUEEN-DIAMOND, QUEEN-SPADE, TEN-HEART, TEN-DIAMOND, ACE-SPADE]
Player 1:	0 has: 
DOUBLE_PAIR
[QUEEN-DIAMOND, QUEEN-SPADE, TEN-HEART, TEN-SPADE, ACE-SPADE]
]]></system-out>
  </testcase>
  <testcase name="RepeatedPlayerTest" classname="com.stemmer.pokergame.game_test.AdvancedGameTest" time="0.01">
    <system-out><![CDATA[Player 2:	26400 has: 
[ACE-DIAMOND, KING-HEART, QUEEN-DIAMOND, TEN-SPADE, EIGHT-SPADE, FIVE-DIAMOND, THREE-CLUB]
HIGH_CARD
[ACE-DIAMOND, KING-HEART, QUEEN-DIAMOND, TEN-SPADE, EIGHT-SPADE]
Player 3:	6400 has: 
[KING-HEART, QUEEN-DIAMOND, TEN-SPADE, EIGHT-SPADE, FIVE-DIAMOND, THREE-CLUB, TWO-DIAMOND]
HIGH_CARD
[KING-HEART, QUEEN-DIAMOND, TEN-SPADE, EIGHT-SPADE, FIVE-DIAMOND]
Player 1:	6400 has: 
[ACE-SPADE, KING-HEART, QUEEN-DIAMOND, TEN-SPADE, EIGHT-SPADE, FIVE-SPADE, THREE-CLUB]
HIGH_CARD
[ACE-SPADE, KING-HEART, QUEEN-DIAMOND, TEN-SPADE, EIGHT-SPADE]
[ACE-DIAMOND, KING-HEART, QUEEN-DIAMOND, TEN-SPADE, EIGHT-SPADE, FIVE-DIAMOND, THREE-CLUB]
[KING-HEART, QUEEN-DIAMOND, TEN-SPADE, EIGHT-SPADE, FIVE-DIAMOND, THREE-CLUB, TWO-DIAMOND]
[ACE-DIAMOND, KING-HEART, QUEEN-DIAMOND, TEN-SPADE, EIGHT-SPADE, FIVE-DIAMOND, THREE-CLUB]
[ACE-SPADE, KING-HEART, QUEEN-DIAMOND, TEN-SPADE, EIGHT-SPADE, FIVE-SPADE, THREE-CLUB]
[KING-HEART, QUEEN-DIAMOND, TEN-SPADE, EIGHT-SPADE, FIVE-DIAMOND, THREE-CLUB, TWO-DIAMOND]
[ACE-SPADE, KING-HEART, QUEEN-DIAMOND, TEN-SPADE, EIGHT-SPADE, FIVE-SPADE, THREE-CLUB]
]]></system-out>
  </testcase>
</testsuite>